<?xml version="1.0" encoding="UTF-8"?>
<!-- Generated by org.testng.reporters.JUnitReportReporter -->
<testsuite hostname="LAPTOP-BNE6JVP0" failures="0" tests="4" name="com.testNG.DataProvider" time="0.014" errors="0" timestamp="2023-09-01T19:21:35 IST" skipped="0">
  <testcase classname="com.testNG.DataProvider" name="credential" time="0.006"/>
  <testcase classname="com.testNG.DataProvider" name="credential" time="0.002"/>
  <testcase classname="com.testNG.DataProvider" name="credential" time="0.003"/>
  <testcase classname="com.testNG.DataProvider" name="credential" time="0.003"/>
</testsuite> <!-- com.testNG.DataProvider -->
