<?xml version="1.0" encoding="UTF-8"?>
<!-- Generated by org.testng.reporters.JUnitReportReporter -->
<testsuite hostname="LAPTOP-BNE6JVP0" failures="0" tests="1" name="com.testNG.HardAssert" time="0.008" errors="0" timestamp="2023-09-01T18:57:25 IST" skipped="0">
  <testcase classname="com.testNG.HardAssert" name="Assert" time="0.008"/>
</testsuite> <!-- com.testNG.HardAssert -->
