<?xml version="1.0" encoding="UTF-8"?>
<!-- Generated by org.testng.reporters.JUnitReportReporter -->
<testsuite hostname="LAPTOP-BNE6JVP0" failures="0" tests="3" name="com.testNG.ignore" time="66.094" errors="0" timestamp="2023-08-29T14:50:59 IST" skipped="1">
  <testcase classname="com.testNG.ignore" name="edge" time="40.842"/>
  <testcase classname="com.testNG.ignore" name="google" time="25.252"/>
  <testcase classname="com.testNG.ignore" name="firefox">
    <skipped/>
  </testcase> <!-- firefox -->
</testsuite> <!-- com.testNG.ignore -->
