<?xml version="1.0" encoding="UTF-8"?>
<!-- Generated by org.testng.reporters.JUnitReportReporter -->
<testsuite hostname="LAPTOP-BNE6JVP0" failures="0" tests="3" name="com.testNG.Priority_Test" time="29.661" errors="0" timestamp="2023-08-29T15:12:58 IST" skipped="0">
  <testcase classname="com.testNG.Priority_Test" name="google" time="7.547"/>
  <testcase classname="com.testNG.Priority_Test" name="edge" time="4.121"/>
  <testcase classname="com.testNG.Priority_Test" name="firefox" time="17.993"/>
</testsuite> <!-- com.testNG.Priority_Test -->
