<?xml version="1.0" encoding="UTF-8"?>
<!-- Generated by org.testng.reporters.JUnitReportReporter -->
<testsuite hostname="LAPTOP-BNE6JVP0" failures="0" tests="3" name="com.testNG.Cross_Browser" time="69.930" errors="0" timestamp="2023-08-31T15:57:36 IST" skipped="0">
  <testcase classname="com.testNG.Cross_Browser" name="edge" time="21.309"/>
  <testcase classname="com.testNG.Cross_Browser" name="chromeBrowser" time="22.389"/>
  <testcase classname="com.testNG.Cross_Browser" name="firefoxBrowser" time="26.232"/>
</testsuite> <!-- com.testNG.Cross_Browser -->
