<?xml version="1.0" encoding="UTF-8"?>
<!-- Generated by org.testng.reporters.JUnitReportReporter -->
<testsuite hostname="LAPTOP-BNE6JVP0" failures="0" tests="1" name="com.testNG.Timeout" time="7.035" errors="0" timestamp="2023-09-02T21:37:11 IST" skipped="0">
  <testcase classname="com.testNG.Timeout" name="login" time="7.035"/>
</testsuite> <!-- com.testNG.Timeout -->
