<?xml version="1.0" encoding="UTF-8"?>
<!-- Generated by org.testng.reporters.JUnitReportReporter -->
<testsuite hostname="LAPTOP-BNE6JVP0" failures="0" tests="3" name="com.testNG.Simple_Annotation" time="0.043" errors="0" timestamp="2023-08-29T10:59:57 IST" skipped="0">
  <testcase classname="com.testNG.Simple_Annotation" name="kids" time="0.018"/>
  <testcase classname="com.testNG.Simple_Annotation" name="women" time="0.004"/>
  <testcase classname="com.testNG.Simple_Annotation" name="men" time="0.021"/>
</testsuite> <!-- com.testNG.Simple_Annotation -->
