<?xml version="1.0" encoding="UTF-8"?>
<!-- Generated by org.testng.reporters.JUnitReportReporter -->
<testsuite hostname="LAPTOP-BNE6JVP0" failures="0" tests="4" name="com.testNG.DependsOnMethod" time="0.016" errors="0" timestamp="2023-08-31T16:04:06 IST" skipped="0">
  <testcase classname="com.testNG.DependsOnMethod" name="login" time="0.009"/>
  <testcase classname="com.testNG.DependsOnMethod" name="password" time="0.003"/>
  <testcase classname="com.testNG.DependsOnMethod" name="emailID" time="0.002"/>
  <testcase classname="com.testNG.DependsOnMethod" name="name" time="0.002"/>
</testsuite> <!-- com.testNG.DependsOnMethod -->
