<?xml version="1.0" encoding="UTF-8"?>
<!-- Generated by org.testng.reporters.JUnitReportReporter -->
<testsuite hostname="LAPTOP-BNE6JVP0" failures="0" tests="6" name="com.testNG.Group" time="0.039" errors="0" timestamp="2023-08-30T15:30:33 IST" skipped="0">
  <testcase classname="com.testNG.Group" name="science" time="0.003"/>
  <testcase classname="com.testNG.Group" name="english" time="0.004"/>
  <testcase classname="com.testNG.Group" name="bike" time="0.010"/>
  <testcase classname="com.testNG.Group" name="car" time="0.013"/>
  <testcase classname="com.testNG.Group" name="tamil" time="0.006"/>
  <testcase classname="com.testNG.Group" name="motorCycle" time="0.003"/>
</testsuite> <!-- com.testNG.Group -->
