<?xml version="1.0" encoding="UTF-8"?>
<!-- Generated by org.testng.reporters.JUnitReportReporter -->
<testsuite hostname="LAPTOP-BNE6JVP0" failures="0" tests="1" name="com.testNG.SoftAssert" time="0.016" errors="0" timestamp="2023-09-01T18:48:15 IST" skipped="0">
  <testcase classname="com.testNG.SoftAssert" name="Asset" time="0.016"/>
</testsuite> <!-- com.testNG.SoftAssert -->
